# JRE version: OpenJDK Runtime Environment (8.0_242-b01) (build 1.8.0_242-release-1644-b01)
# Java VM: OpenJDK 64-Bit Server VM (25.242-b01 mixed mode windows-amd64 compressed oops)
Heap:
 PSYoungGen      total 317952K, used 35990K [0x00000000d5580000, 0x00000000eb800000, 0x0000000100000000)
  eden space 292352K, 3% used [0x00000000d5580000,0x00000000d5fac6e0,0x00000000e7300000)
  from space 25600K, 99% used [0x00000000e9480000,0x00000000ead79468,0x00000000ead80000)
  to   space 34304K, 0% used [0x00000000e7300000,0x00000000e7300000,0x00000000e9480000)
 ParOldGen       total 131584K, used 46709K [0x0000000080000000, 0x0000000088080000, 0x00000000d5580000)
  object space 131584K, 35% used [0x0000000080000000,0x0000000082d9d418,0x0000000088080000)
 Metaspace       used 86618K, capacity 90762K, committed 91032K, reserved 1128448K
  class space    used 11864K, capacity 12672K, committed 12720K, reserved 1048576K
GC Heap History (10 events):
Event: 16.628 GC heap before
{Heap before GC invocations=11 (full 2):
 PSYoungGen      total 210944K, used 197120K [0x00000000d5580000, 0x00000000e3200000, 0x0000000100000000)
  eden space 197120K, 100% used [0x00000000d5580000,0x00000000e1600000,0x00000000e1600000)
  from space 13824K, 0% used [0x00000000e2480000,0x00000000e2480000,0x00000000e3200000)
  to   space 14336K, 0% used [0x00000000e1600000,0x00000000e1600000,0x00000000e2400000)
 ParOldGen       total 87552K, used 16149K [0x0000000080000000, 0x0000000085580000, 0x00000000d5580000)
  object space 87552K, 18% used [0x0000000080000000,0x0000000080fc5570,0x0000000085580000)
 Metaspace       used 51401K, capacity 53026K, committed 53296K, reserved 1095680K
  class space    used 6839K, capacity 7197K, committed 7216K, reserved 1048576K
Event: 16.655 GC heap after
Heap after GC invocations=11 (full 2):
 PSYoungGen      total 211456K, used 14330K [0x00000000d5580000, 0x00000000e7380000, 0x0000000100000000)
  eden space 197120K, 0% used [0x00000000d5580000,0x00000000d5580000,0x00000000e1600000)
  from space 14336K, 99% used [0x00000000e1600000,0x00000000e23feb28,0x00000000e2400000)
  to   space 20480K, 0% used [0x00000000e5f80000,0x00000000e5f80000,0x00000000e7380000)
 ParOldGen       total 87552K, used 25687K [0x0000000080000000, 0x0000000085580000, 0x00000000d5580000)
  object space 87552K, 29% used [0x0000000080000000,0x0000000081915df0,0x0000000085580000)
 Metaspace       used 51401K, capacity 53026K, committed 53296K, reserved 1095680K
  class space    used 6839K, capacity 7197K, committed 7216K, reserved 1048576K
}
Event: 18.550 GC heap before
{Heap before GC invocations=12 (full 2):
 PSYoungGen      total 211456K, used 91794K [0x00000000d5580000, 0x00000000e7380000, 0x0000000100000000)
  eden space 197120K, 39% used [0x00000000d5580000,0x00000000da125f98,0x00000000e1600000)
  from space 14336K, 99% used [0x00000000e1600000,0x00000000e23feb28,0x00000000e2400000)
  to   space 20480K, 0% used [0x00000000e5f80000,0x00000000e5f80000,0x00000000e7380000)
 ParOldGen       total 87552K, used 25687K [0x0000000080000000, 0x0000000085580000, 0x00000000d5580000)
  object space 87552K, 29% used [0x0000000080000000,0x0000000081915df0,0x0000000085580000)
 Metaspace       used 56979K, capacity 59034K, committed 59160K, reserved 1099776K
  class space    used 7699K, capacity 8162K, committed 8240K, reserved 1048576K
Event: 18.573 GC heap after
Heap after GC invocations=12 (full 2):
 PSYoungGen      total 269312K, used 20463K [0x00000000d5580000, 0x00000000e7980000, 0x0000000100000000)
  eden space 248832K, 0% used [0x00000000d5580000,0x00000000d5580000,0x00000000e4880000)
  from space 20480K, 99% used [0x00000000e5f80000,0x00000000e737bd18,0x00000000e7380000)
  to   space 23552K, 0% used [0x00000000e4880000,0x00000000e4880000,0x00000000e5f80000)
 ParOldGen       total 87552K, used 26116K [0x0000000080000000, 0x0000000085580000, 0x00000000d5580000)
  object space 87552K, 29% used [0x0000000080000000,0x00000000819811d8,0x0000000085580000)
 Metaspace       used 56979K, capacity 59034K, committed 59160K, reserved 1099776K
  class space    used 7699K, capacity 8162K, committed 8240K, reserved 1048576K
}
Event: 18.573 GC heap before
{Heap before GC invocations=13 (full 3):
 PSYoungGen      total 269312K, used 20463K [0x00000000d5580000, 0x00000000e7980000, 0x0000000100000000)
  eden space 248832K, 0% used [0x00000000d5580000,0x00000000d5580000,0x00000000e4880000)
  from space 20480K, 99% used [0x00000000e5f80000,0x00000000e737bd18,0x00000000e7380000)
  to   space 23552K, 0% used [0x00000000e4880000,0x00000000e4880000,0x00000000e5f80000)
 ParOldGen       total 87552K, used 26116K [0x0000000080000000, 0x0000000085580000, 0x00000000d5580000)
  object space 87552K, 29% used [0x0000000080000000,0x00000000819811d8,0x0000000085580000)
 Metaspace       used 56979K, capacity 59034K, committed 59160K, reserved 1099776K
  class space    used 7699K, capacity 8162K, committed 8240K, reserved 1048576K
Event: 18.848 GC heap after
Heap after GC invocations=13 (full 3):
 PSYoungGen      total 269312K, used 0K [0x00000000d5580000, 0x00000000e7980000, 0x0000000100000000)
  eden space 248832K, 0% used [0x00000000d5580000,0x00000000d5580000,0x00000000e4880000)
  from space 20480K, 0% used [0x00000000e5f80000,0x00000000e5f80000,0x00000000e7380000)
  to   space 23552K, 0% used [0x00000000e4880000,0x00000000e4880000,0x00000000e5f80000)
 ParOldGen       total 131584K, used 33451K [0x0000000080000000, 0x0000000088080000, 0x00000000d5580000)
  object space 131584K, 25% used [0x0000000080000000,0x00000000820aace8,0x0000000088080000)
 Metaspace       used 56976K, capacity 59022K, committed 59160K, reserved 1099776K
  class space    used 7698K, capacity 8160K, committed 8240K, reserved 1048576K
}
Event: 31.530 GC heap before
{Heap before GC invocations=14 (full 3):
 PSYoungGen      total 269312K, used 248832K [0x00000000d5580000, 0x00000000e7980000, 0x0000000100000000)
  eden space 248832K, 100% used [0x00000000d5580000,0x00000000e4880000,0x00000000e4880000)
  from space 20480K, 0% used [0x00000000e5f80000,0x00000000e5f80000,0x00000000e7380000)
  to   space 23552K, 0% used [0x00000000e4880000,0x00000000e4880000,0x00000000e5f80000)
 ParOldGen       total 131584K, used 33451K [0x0000000080000000, 0x0000000088080000, 0x00000000d5580000)
  object space 131584K, 25% used [0x0000000080000000,0x00000000820aace8,0x0000000088080000)
 Metaspace       used 67609K, capacity 70582K, committed 70808K, reserved 1110016K
  class space    used 9246K, capacity 9896K, committed 9904K, reserved 1048576K
Event: 31.551 GC heap after
Heap after GC invocations=14 (full 3):
 PSYoungGen      total 272384K, used 19996K [0x00000000d5580000, 0x00000000ead80000, 0x0000000100000000)
  eden space 248832K, 0% used [0x00000000d5580000,0x00000000d5580000,0x00000000e4880000)
  from space 23552K, 84% used [0x00000000e4880000,0x00000000e5c07038,0x00000000e5f80000)
  to   space 25600K, 0% used [0x00000000e9480000,0x00000000e9480000,0x00000000ead80000)
 ParOldGen       total 131584K, used 33459K [0x0000000080000000, 0x0000000088080000, 0x00000000d5580000)
  object space 131584K, 25% used [0x0000000080000000,0x00000000820acce8,0x0000000088080000)
 Metaspace       used 67609K, capacity 70582K, committed 70808K, reserved 1110016K
  class space    used 9246K, capacity 9896K, committed 9904K, reserved 1048576K
}
Event: 52.368 GC heap before
{Heap before GC invocations=15 (full 3):
 PSYoungGen      total 272384K, used 268828K [0x00000000d5580000, 0x00000000ead80000, 0x0000000100000000)
  eden space 248832K, 100% used [0x00000000d5580000,0x00000000e4880000,0x00000000e4880000)
  from space 23552K, 84% used [0x00000000e4880000,0x00000000e5c07038,0x00000000e5f80000)
  to   space 25600K, 0% used [0x00000000e9480000,0x00000000e9480000,0x00000000ead80000)
 ParOldGen       total 131584K, used 33459K [0x0000000080000000, 0x0000000088080000, 0x00000000d5580000)
  object space 131584K, 25% used [0x0000000080000000,0x00000000820acce8,0x0000000088080000)
 Metaspace       used 85828K, capacity 89906K, committed 90136K, reserved 1126400K
  class space    used 11760K, capacity 12578K, committed 12592K, reserved 1048576K
Event: 52.411 GC heap after
Heap after GC invocations=15 (full 3):
 PSYoungGen      total 317952K, used 25573K [0x00000000d5580000, 0x00000000eb800000, 0x0000000100000000)
  eden space 292352K, 0% used [0x00000000d5580000,0x00000000d5580000,0x00000000e7300000)
  from space 25600K, 99% used [0x00000000e9480000,0x00000000ead79468,0x00000000ead80000)
  to   space 34304K, 0% used [0x00000000e7300000,0x00000000e7300000,0x00000000e9480000)
 ParOldGen       total 131584K, used 46709K [0x0000000080000000, 0x0000000088080000, 0x00000000d5580000)
  object space 131584K, 35% used [0x0000000080000000,0x0000000082d9d418,0x0000000088080000)
 Metaspace       used 85828K, capacity 89906K, committed 90136K, reserved 1126400K
  class space    used 11760K, capacity 12578K, committed 12592K, reserved 1048576K
}

